Start testing: Aug 31 15:23 India Standard Time
----------------------------------------------------------
1/11 Testing: piece1_tests
1/11 Test: piece1_tests
Command: "H:/naksha lidar C C++/WorkstationCAD/build-gui/wk_tests.exe"
Directory: H:/naksha lidar C C++/WorkstationCAD/build-gui
"piece1_tests" start time: Aug 31 15:23 India Standard Time
Output:
----------------------------------------------------------
[PASS] TEST 1  simple direct store/retrieve
[PASS] TEST 2  different variant slots
[PASS] TEST 3  specialized sorted by min
[PASS] TEST 4  validity range [5,20]
[PASS] TEST 5  metric inside hit
[PASS] TEST 6  metric outside miss
[PASS] TEST 7  different transform miss
[PASS] TEST 8  different variant miss
[PASS] TEST 9  different style miss
[PASS] TEST 10 different filter miss
[PASS] TEST 11 overlapping allowed
[PASS] TEST 12 invalidation clears
[PASS] TEST 13 geometry revision invalidates

========================================
PASS: 13  FAIL: 0
<end of output>
Test time =   0.09 sec
----------------------------------------------------------
Test Passed.
"piece1_tests" end time: Aug 31 15:23 India Standard Time
"piece1_tests" time elapsed: 00:00:00
----------------------------------------------------------

2/11 Testing: piece2_tests
2/11 Test: piece2_tests
Command: "H:/naksha lidar C C++/WorkstationCAD/build-gui/wk_tests2.exe"
Directory: H:/naksha lidar C C++/WorkstationCAD/build-gui
"piece2_tests" start time: Aug 31 15:23 India Standard Time
Output:
----------------------------------------------------------
[PASS] TEST 1  miss invokes provider once
[PASS] TEST 2  command count recorded
[PASS] TEST 3  second resolve is hit
[PASS] TEST 4  different key rebuilds
[PASS] TEST 5  metric outside rebuilds
[PASS] TEST 6  metric inside reuses
[PASS] TEST 7  nested bypasses cache lookup
[PASS] TEST 8  nested commands in parent
[PASS] TEST 9  scope restores on success
[PASS] TEST 10 scope restores on exception
[PASS] TEST 11 throwing no partial save
[PASS] TEST 12 empty provider no cache
[PASS] TEST 13 geometry revision invalidates

========================================
PASS: 13  FAIL: 0
<end of output>
Test time =   0.05 sec
----------------------------------------------------------
Test Passed.
"piece2_tests" end time: Aug 31 15:23 India Standard Time
"piece2_tests" time elapsed: 00:00:00
----------------------------------------------------------

3/11 Testing: piece3_tests
3/11 Test: piece3_tests
Command: "H:/naksha lidar C C++/WorkstationCAD/build-gui/wk_tests3.exe"
Directory: H:/naksha lidar C C++/WorkstationCAD/build-gui
"piece3_tests" start time: Aug 31 15:23 India Standard Time
Output:
----------------------------------------------------------
[PASS] TEST 1  PathA ordering (no overrides)
[PASS] TEST 2  PathB receives parameter
[PASS] TEST 3  transform/clip passthrough
[PASS] TEST 4  temporary override ordering
[PASS] TEST 5  original overrides unchanged
[PASS] TEST 6  submit throw restores+pops
[PASS] TEST 7  submitB throw balanced
[PASS] TEST 8  persistent in cache
[PASS] TEST 9  transient not in cache
[PASS] TEST 10 transient presented once
[PASS] TEST 11 transient lifetime released
[PASS] TEST 12 no graphics no submission
[PASS] TEST 13 nested recording unchanged

========================================
PASS: 13  FAIL: 0
<end of output>
Test time =   0.05 sec
----------------------------------------------------------
Test Passed.
"piece3_tests" end time: Aug 31 15:23 India Standard Time
"piece3_tests" time elapsed: 00:00:00
----------------------------------------------------------

4/11 Testing: piece4_tests
4/11 Test: piece4_tests
Command: "H:/naksha lidar C C++/WorkstationCAD/build-gui/wk_tests4.exe"
Directory: H:/naksha lidar C C++/WorkstationCAD/build-gui
"piece4_tests" start time: Aug 31 15:23 India Standard Time
Output:
----------------------------------------------------------
[PASS] P4A-A  Matrix row storage (M4)
[PASS] P4A-B  Point4d raw multiply (M3)
[PASS] P4A-C  Point4d in-place (M3)
[PASS] P4A-D  Affine Point3d (M2)
[PASS] P4A-E  Affine ignores 4th row (M2)
[PASS] P4A-F  Affine in-place array (M2)
[PASS] P4A-G  Affine count<=0 (M2)
[PASS] P4A-H  Renorm W==1 (M1)
[PASS] P4A-I  Renorm W==0 (M1)
[PASS] P4A-J  Renorm W==2 (M1)
[PASS] P4A-K  Renorm W==0.5 (M1)
[PASS] P4A-L  Renorm in-place array (M1)
[PASS] P4A-M  Product equation (M5)
[PASS] P4A-N  Product order (M5)
[PASS] P4A-O  Product alias left (M5)
[PASS] P4A-P  Product alias right (M5)
[PASS] P4A-Q  Transform3d row mapping (M6)
[PASS] P4A-R  Translation column (M6)
[PASS] P4A-S  Piece3 transform pass-through
[PASS] P4A-T  Piece3 exception safety
[PASS] P4B-A  m33==1 affine copy (M7)
[PASS] P4B-B  m33==2 divide by 2 (M7)
[PASS] P4B-C  m33==0 -> identity/false (M7)
[PASS] P4B-D  persp zero, m33==1 true (M7)
[PASS] P4B-E  persp sum below thresh (M7)
[PASS] P4B-F  persp sum == thresh false (M7)
[PASS] P4B-G  persp sum above thresh false (M7)
[PASS] P4B-H  failure preserves output (M7)
[PASS] P4B-I  negative m33 (M7)
[PASS] P4B-J  round trip (M6+M7)
[PASS] P4C-1  basic 3x3 vector multiply (M8)
[PASS] P4C-2  translation ignored (M8)
[PASS] P4C-3  fourth row ignored (M8)
[PASS] P4C-4  exact in-place array (M8)
[PASS] P4C-5  multiple vectors (M8)
[PASS] P4C-6  count==0 untouched (M8)
[PASS] P4C-7  count<0 untouched (M8)

========================================
PASS: 37  FAIL: 0
<end of output>
Test time =   0.06 sec
----------------------------------------------------------
Test Passed.
"piece4_tests" end time: Aug 31 15:23 India Standard Time
"piece4_tests" time elapsed: 00:00:00
----------------------------------------------------------

5/11 Testing: piece_pc
5/11 Test: piece_pc
Command: "H:/naksha lidar C C++/WorkstationCAD/build-gui/wk_pc_tests.exe"
Directory: H:/naksha lidar C C++/WorkstationCAD/build-gui
"piece_pc" start time: Aug 31 15:23 India Standard Time
Output:
----------------------------------------------------------
== NakshaPointEngine :: Piece 1 (Point Cloud Query Foundation) ==

  PASS: TEST1 ids are non-zero
  PASS: TEST1 query IDs increment by 1
  PASS: TEST2 density = 1.0
  PASS: TEST2 mode = 2
  PASS: TEST2 active = false
  PASS: TEST2 name = FRUSTUM
  PASS: TEST3 result capacity >= 1024
  PASS: TEST4 three nodes inserted
  PASS: TEST4 existing key found
  PASS: TEST4 missing key not found
  PASS: TEST5 left branch lookup correct
  PASS: TEST5 right branch lookup correct
  PASS: TEST6 subtree accumulation = 300
  PASS: TEST7 32 channels supported
  PASS: TEST7 33rd channel rejected
  PASS: TEST8 accept executor returns true
  PASS: TEST8 reject executor returns false
  PASS: TEST8 accept-all pipeline collects 3 nodes
  PASS: TEST9 pipeline traverses 4 nodes
  PASS: TEST9 results collected
  PASS: TEST9 processed count updated
  PASS: TEST9 active set after execute
  PASS: TEST9 result items populated
  PASS: GetState comparison==state -> valid flag set
  PASS: GetState comparison!=state -> no valid flag

PIECE1_OK
<end of output>
Test time =   0.04 sec
----------------------------------------------------------
Test Passed.
"piece_pc" end time: Aug 31 15:23 India Standard Time
"piece_pc" time elapsed: 00:00:00
----------------------------------------------------------

6/11 Testing: piece_pc2
6/11 Test: piece_pc2
Command: "H:/naksha lidar C C++/WorkstationCAD/build-gui/wk_pc2_tests.exe"
Directory: H:/naksha lidar C C++/WorkstationCAD/build-gui
"piece_pc2" start time: Aug 31 15:23 India Standard Time
Output:
----------------------------------------------------------
== NakshaPointEngine :: Piece 2 (Scene/Cloud/Node/Voxel/Channel/Storage) ==

  PASS: TEST1 two clouds created
  PASS: TEST1 scene holds multiple clouds
  PASS: TEST2 node created
  PASS: TEST2 bounds stored
  PASS: TEST2 node is not a voxel
  PASS: TEST3 IsVoxel true
  PASS: TEST3 density = 1.0
  PASS: TEST3 children container exists (empty)
  PASS: TEST3 child can be added
  PASS: TEST4 GetElementSize matches RE table
  PASS: TEST5 int16 decode ok
  PASS: TEST5 int16 world coords
  PASS: TEST6 float decode ok
  PASS: TEST6 float world coords
  PASS: TEST7 transform decode ok
  PASS: TEST7 scale+offset applied
  PASS: TEST8 rgb decode ok
  PASS: TEST8 rgb values
  PASS: TEST9 root owner set
  PASS: TEST9 child owner set
  PASS: TEST10 point count aggregated
  PASS: TEST11 XYZ available
  PASS: TEST11 RGB available

PIECE2_OK
<end of output>
Test time =   0.04 sec
----------------------------------------------------------
Test Passed.
"piece_pc2" end time: Aug 31 15:23 India Standard Time
"piece_pc2" time elapsed: 00:00:00
----------------------------------------------------------

7/11 Testing: piece_pc3
7/11 Test: piece_pc3
Command: "H:/naksha lidar C C++/WorkstationCAD/build-gui/wk_pc3_tests.exe"
Directory: H:/naksha lidar C C++/WorkstationCAD/build-gui
"piece_pc3" start time: Aug 31 15:23 India Standard Time
Output:
----------------------------------------------------------
== NakshaPointEngine :: Piece 3 (Block Streaming & Scene Population) ==

  PASS: TEST1 read 1000 bytes
  PASS: TEST1 content matches
  PASS: TEST1 position advanced
  PASS: TEST2 read across refills
  PASS: TEST2 refill content matches
  PASS: TEST2 read u32 across refill
  PASS: TEST2 u32 value correct
  PASS: TEST3 parse normal node ok
  PASS: TEST3 not a voxel
  PASS: TEST3 bounds set
  PASS: TEST4 parse voxel node ok
  PASS: TEST4 is a voxel
  PASS: TEST4 density = 1.0
  PASS: TEST5 parse channel descriptor
  PASS: TEST5 decode ok
  PASS: TEST5 int16 scale/offset
  PASS: TEST6 parse node ok
  PASS: TEST6 channel attached
  PASS: TEST6 read via node storage
  PASS: TEST6 payload decoded
  PASS: TEST7 load cloud
  PASS: TEST7 root is voxel
  PASS: TEST7 two nodes attached
  PASS: TEST8 load cloud
  PASS: TEST8 point count aggregated
  PASS: TEST9 load pipeline
  PASS: TEST9 two nodes attached
  PASS: TEST9 point count = 10 + 20
  PASS: TEST9 XYZ available
  PASS: TEST9 RGB available
  PASS: TEST9 child owner set
  PASS: TEST9 decode via populated cloud
  PASS: TEST9 decoded value correct

PIECE3_OK
<end of output>
Test time =   0.05 sec
----------------------------------------------------------
Test Passed.
"piece_pc3" end time: Aug 31 15:23 India Standard Time
"piece_pc3" time elapsed: 00:00:00
----------------------------------------------------------

8/11 Testing: piece_pod
8/11 Test: piece_pod
Command: "H:/naksha lidar C C++/WorkstationCAD/build-gui/wk_pod_tests.exe"
Directory: H:/naksha lidar C C++/WorkstationCAD/build-gui
"piece_pod" start time: Aug 31 15:23 India Standard Time
Output:
----------------------------------------------------------
== NakshaPointEngine :: Piece 4 (POD Block Decoder) ==

  PASS: TEST1 read 2000 bytes
  PASS: TEST1 content matches
  PASS: TEST1 position advanced
  PASS: TEST2 read across refills
  PASS: TEST2 refill content matches
  PASS: TEST3 format code normalization
  PASS: TEST4 Type1 = 4
  PASS: TEST4 Type2 = 8
  PASS: TEST4 Type3 = 0
  PASS: TEST4 Type4 = 1
  PASS: TEST4 Type5 = 1
  PASS: TEST4 Type6 = 2
  PASS: TEST4 Type7 = 2
  PASS: TEST4 Type8 = 4
  PASS: TEST4 Type9 = 4
  PASS: TEST4 Type10 = 8
  PASS: TEST4 invalid = 0
  PASS: TEST4 invalid = 0
  PASS: TEST5 channel code normalization
  PASS: TEST6 normal node created
  PASS: TEST6 not a voxel
  PASS: TEST6 bounds set
  PASS: TEST6 source node value
  PASS: TEST7 voxel node created
  PASS: TEST7 is a voxel
  PASS: TEST7 density = 1.0
  PASS: TEST8 float path ok
  PASS: TEST8 float→double bounds
  PASS: TEST9 double path ok
  PASS: TEST9 double bounds
  PASS: TEST10 Type1 payload
  PASS: TEST10 Type6 payload
  PASS: TEST10 Type3 payload=0
  PASS: TEST10 overflow detected
  PASS: TEST11 first channel added
  PASS: TEST11 channel replaced
  PASS: TEST11 no duplicate
  PASS: TEST12 count=2
  PASS: TEST12 int16 decode
  PASS: TEST13 root set
  PASS: TEST13 one child
  PASS: TEST14 point count
  PASS: TEST14 XYZ attribute
  PASS: TEST15 exact match
  PASS: TEST15 lower bound past match
  PASS: TEST15 lower bound before all
  PASS: TEST15 lower bound past all
  PASS: TEST16 a < b via lower bound
  PASS: TEST16 a = a via lower bound
  PASS: TEST16 c = c via lower bound
  PASS: TEST16 d via lower bound
  PASS: TEST17 decode ok
  PASS: TEST17 two nodes
  PASS: TEST17 no XYZ channels
  PASS: TEST18 decode ok
  PASS: TEST18 XYZ channel
  PASS: TEST18 RGB channel
  PASS: TEST19 truncated stream rejected
  PASS: TEST20 large payload ok
  PASS: TEST20 500 points decoded

PIECE4_OK
<end of output>
Test time =   0.05 sec
----------------------------------------------------------
Test Passed.
"piece_pod" end time: Aug 31 15:23 India Standard Time
"piece_pod" time elapsed: 00:00:00
----------------------------------------------------------

9/11 Testing: piece_pod_handler
9/11 Test: piece_pod_handler
Command: "H:/naksha lidar C C++/WorkstationCAD/build-gui/wk_pod_handler_tests.exe"
Directory: H:/naksha lidar C C++/WorkstationCAD/build-gui
"piece_pod_handler" start time: Aug 31 15:23 India Standard Time
Output:
----------------------------------------------------------
== NakshaPointEngine :: Piece 5 (Handler Registry + DataSource) ==

  PASS: TEST1 empty
  PASS: TEST1 size 0
  PASS: TEST1 lower_bound null
  PASS: TEST2 size 1
  PASS: TEST2 exact match
  PASS: TEST3 size 3
  PASS: TEST3 find h1
  PASS: TEST3 find h2
  PASS: TEST3 find h3
  PASS: TEST4 size 3
  PASS: TEST4 find h1
  PASS: TEST4 find h2
  PASS: TEST4 find h3
  PASS: TEST5 size 5
  PASS: TEST5 find handler 1
  PASS: TEST5 find handler 2
  PASS: TEST5 find handler 3
  PASS: TEST5 find handler 4
  PASS: TEST5 find handler 5
  PASS: TEST6 exact match
  PASS: TEST7 between keys
  PASS: TEST8 before first
  PASS: TEST9 after last
  PASS: TEST10 size 3
  PASS: TEST10 A
  PASS: TEST10 AB
  PASS: TEST10 ABC
  PASS: TEST11 zero-byte key 1
  PASS: TEST11 zero-byte key 2
  PASS: TEST11 zero-byte past match
  PASS: TEST12 duplicate keys stored
  PASS: TEST12 duplicate returns valid
  PASS: TEST13 size 100
  PASS: TEST14 parent pointers valid
  PASS: TEST15 root black
  PASS: TEST16 red-black valid
  PASS: TEST17 black-height consistent
  PASS: TEST18 rotations preserve ordering
  PASS: TEST18 key 1 findable
  PASS: TEST18 key 2 findable
  PASS: TEST18 key 3 findable
  PASS: TEST18 key 4 findable
  PASS: TEST18 key 5 findable
  PASS: TEST18 key 6 findable
  PASS: TEST18 key 7 findable
  PASS: TEST19 handler 42
  PASS: TEST19 handler 99
  PASS: TEST20 handler registered
  PASS: TEST20 handler found

HANDLER_REG_OK
<end of output>
Test time =   0.05 sec
----------------------------------------------------------
Test Passed.
"piece_pod_handler" end time: Aug 31 15:23 India Standard Time
"piece_pod_handler" time elapsed: 00:00:00
----------------------------------------------------------

10/11 Testing: piece_pod_datasource
10/11 Test: piece_pod_datasource
Command: "H:/naksha lidar C C++/WorkstationCAD/build-gui/wk_pod_datasource_tests.exe"
Directory: H:/naksha lidar C C++/WorkstationCAD/build-gui
"piece_pod_datasource" start time: Aug 31 15:23 India Standard Time
Output:
----------------------------------------------------------
== NakshaPointEngine :: Piece 5 (DataSource + StreamAdapter) ==

  PASS: TEST21 Closed = 0
  PASS: TEST21 Read = 1
  PASS: TEST21 Write = 2
  PASS: TEST21 ReadWrite = 3
  PASS: TEST22 mode = Read
  PASS: TEST22 canRead
  PASS: TEST22 !canWrite
  PASS: TEST23 mode = ReadWrite
  PASS: TEST23 canRead
  PASS: TEST23 canWrite
  PASS: TEST24 mode = ReadWrite
  PASS: TEST24 read+write
  PASS: TEST25 read-only
  PASS: TEST25 read-write
  PASS: TEST26 fixed 4-byte read ok
  PASS: TEST26 buffered >= 4
  PASS: TEST26 value correct
  PASS: TEST27 fixed 1-byte read ok
  PASS: TEST27 byte correct
  PASS: TEST28 transfer > 0
  PASS: TEST28 has buffered data
  PASS: TEST28 after consume empty
  PASS: TEST29 EOF detected
  PASS: TEST30 64 KiB read ok
  PASS: TEST30 buffered >= 64 KiB
  PASS: TEST30 after consume
  PASS: TEST30 remaining 100 bytes ok
  PASS: TEST30 buffered >= 100
  PASS: TEST31 Piece 3 reader ok
  PASS: TEST31 content matches
  PASS: TEST32 mode = Read
  PASS: TEST32 capabilities
  PASS: TEST32 read ok
  PASS: TEST32 content ok
  PASS: TEST32 position = 5
  PASS: TEST33 mode = Write
  PASS: TEST33 capabilities
  PASS: TEST33 write ok
  PASS: TEST33 content ok
  PASS: TEST34 mode = ReadWrite
  PASS: TEST34 capabilities
  PASS: TEST34 read ok
  PASS: TEST34 read content
  PASS: TEST34 seek ok
  PASS: TEST34 write ok
  PASS: TEST34 seek back
  PASS: TEST34 read after write
  PASS: TEST34 content after write

DATASOURCE_OK
<end of output>
Test time =   0.06 sec
----------------------------------------------------------
Test Passed.
"piece_pod_datasource" end time: Aug 31 15:23 India Standard Time
"piece_pod_datasource" time elapsed: 00:00:00
----------------------------------------------------------

11/11 Testing: piece_pod_integration
11/11 Test: piece_pod_integration
Command: "H:/naksha lidar C C++/WorkstationCAD/build-gui/wk_pod_integration_tests.exe"
Directory: H:/naksha lidar C C++/WorkstationCAD/build-gui
"piece_pod_integration" start time: Aug 31 15:23 India Standard Time
Output:
----------------------------------------------------------
== NakshaPointEngine :: Piece 5 (Integration) ==

  PASS: INTEG1 fixed read marker
  PASS: INTEG1 marker = 1
  PASS: INTEG1 fixed read count
  PASS: INTEG1 count = 1
  PASS: INTEG1 handler registered
  PASS: INTEG2 handler registered
  PASS: INTEG2 decode ok
  PASS: INTEG2 10 points
  PASS: INTEG2 root set
  PASS: INTEG3 decode ok
  PASS: INTEG3 3 children
  PASS: INTEG3 node 0 bounds
  PASS: INTEG3 node 1 bounds
  PASS: INTEG3 node 2 bounds
  PASS: INTEG4 decode ok
  PASS: INTEG4 5 points
  PASS: INTEG4 XYZ channel exists
  PASS: INTEG4 point 0
  PASS: INTEG4 point 2
  PASS: INTEG5 handler found
  PASS: INTEG5 decode ok
  PASS: INTEG6 RB-tree valid after 20 inserts
  PASS: INTEG6 size 20

INTEGRATION_OK
<end of output>
Test time =   0.13 sec
----------------------------------------------------------
Test Passed.
"piece_pod_integration" end time: Aug 31 15:23 India Standard Time
"piece_pod_integration" time elapsed: 00:00:00
----------------------------------------------------------

End testing: Aug 31 15:23 India Standard Time
